INFO:root:Dane załadowane z pliku data.json
DEBUG:geventwebsocket.handler:Initializing WebSocket
DEBUG:geventwebsocket.handler:Validating WebSocket request
DEBUG:geventwebsocket.handler:Can only upgrade connection if using GET method.
INFO:agent:Akcja: beacon
INFO:root:Dane zapisane do pliku data.json
INFO:geventwebsocket.handler:10.10.10.7 - - [2025-04-13 14:54:08] "POST /api/v1/analytics HTTP/1.1" 200 183 0.002524
Traceback (most recent call last):
  File "src/gevent/greenlet.py", line 900, in gevent._gevent_cgreenlet.Greenlet.run
  File "/usr/lib/python3/dist-packages/gevent/baseserver.py", line 34, in _handle_and_close_when_done
    return handle(*args_tuple)
  File "/usr/lib/python3/dist-packages/gevent/server.py", line 209, in wrap_socket_and_handle
    with _closing_socket(self.wrap_socket(client_socket, **self.ssl_args)) as ssl_socket:
                         ~~~~~~~~~~~~~~~~^^^^^^^^^^^^^^^^^^^^^^^^^^^^^^^^
  File "/usr/lib/python3.13/ssl.py", line 455, in wrap_socket
    return self.sslsocket_class._create(
           ~~~~~~~~~~~~~~~~~~~~~~~~~~~~^
        sock=sock,
        ^^^^^^^^^^
    ...<5 lines>...
        session=session
        ^^^^^^^^^^^^^^^
    )
    ^
  File "/usr/lib/python3.13/ssl.py", line 1076, in _create
    self.do_handshake()
    ~~~~~~~~~~~~~~~~~^^
  File "/usr/lib/python3.13/ssl.py", line 1372, in do_handshake
    self._sslobj.do_handshake()
    ~~~~~~~~~~~~~~~~~~~~~~~~~^^
ssl.SSLError: [SSL: SSLV3_ALERT_CERTIFICATE_UNKNOWN] ssl/tls alert certificate unknown (_ssl.c:1029)
2025-04-13T18:54:13Z <Greenlet at 0x7f9b2e913560: _handle_and_close_when_done(<bound method StreamServer.wrap_socket_and_handle , <bound method StreamServer.do_close of <WSGIServer, (<gevent._socket3.socket [closed] at 0x7f9b2e67cbb)> failed with SSLError

Traceback (most recent call last):
  File "src/gevent/greenlet.py", line 900, in gevent._gevent_cgreenlet.Greenlet.run
  File "/usr/lib/python3/dist-packages/gevent/baseserver.py", line 34, in _handle_and_close_when_done
    return handle(*args_tuple)
  File "/usr/lib/python3/dist-packages/gevent/server.py", line 209, in wrap_socket_and_handle
    with _closing_socket(self.wrap_socket(client_socket, **self.ssl_args)) as ssl_socket:
                         ~~~~~~~~~~~~~~~~^^^^^^^^^^^^^^^^^^^^^^^^^^^^^^^^
  File "/usr/lib/python3.13/ssl.py", line 455, in wrap_socket
    return self.sslsocket_class._create(
           ~~~~~~~~~~~~~~~~~~~~~~~~~~~~^
        sock=sock,
        ^^^^^^^^^^
    ...<5 lines>...
        session=session
        ^^^^^^^^^^^^^^^
    )
    ^
  File "/usr/lib/python3.13/ssl.py", line 1076, in _create
    self.do_handshake()
    ~~~~~~~~~~~~~~~~~^^
  File "/usr/lib/python3.13/ssl.py", line 1372, in do_handshake
    self._sslobj.do_handshake()
    ~~~~~~~~~~~~~~~~~~~~~~~~~^^
ssl.SSLError: [SSL: SSLV3_ALERT_CERTIFICATE_UNKNOWN] ssl/tls alert certificate unknown (_ssl.c:1029)
2025-04-13T18:54:17Z <Greenlet at 0x7f9b2e913560: _handle_and_close_when_done(<bound method StreamServer.wrap_socket_and_handle , <bound method StreamServer.do_close of <WSGIServer, (<gevent._socket3.socket [closed] at 0x7f9b2e67cbb)> failed with SSLError

DEBUG:geventwebsocket.handler:Initializing WebSocket
DEBUG:geventwebsocket.handler:Validating WebSocket request
INFO:geventwebsocket.handler:10.10.10.2 - - [2025-04-13 14:54:17] "GET / HTTP/1.1" 302 337 0.000890
DEBUG:geventwebsocket.handler:Initializing WebSocket
DEBUG:geventwebsocket.handler:Validating WebSocket request
INFO:geventwebsocket.handler:10.10.10.2 - - [2025-04-13 14:54:17] "GET /login HTTP/1.1" 200 8974 0.003402
DEBUG:geventwebsocket.handler:Initializing WebSocket
DEBUG:geventwebsocket.handler:Validating WebSocket request
INFO:geventwebsocket.handler:10.10.10.2 - - [2025-04-13 14:54:50] "GET / HTTP/1.1" 302 337 0.000832
DEBUG:geventwebsocket.handler:Initializing WebSocket
DEBUG:geventwebsocket.handler:Validating WebSocket request
INFO:geventwebsocket.handler:10.10.10.2 - - [2025-04-13 14:54:50] "GET /login HTTP/1.1" 200 8974 0.001032
